<!DOCTYPE html PUBLIC "-//W3C//DTD XHTML 1.1//EN" "http://www.w3.org/TR/xhtml11/DTD/xhtml11.dtd">
<html xmlns="http://www.w3.org/1999/xhtml">
<head>
<meta http-equiv="content-type" content="text/html; charset=UTF-8"/>
<title>TestNG Report</title>
<style type="text/css">table {margin-bottom:10px;border-collapse:collapse;empty-cells:show}th,td {border:1px solid #009;padding:.25em .5em}th {vertical-align:bottom}td {vertical-align:top}table a {font-weight:bold}.stripe td {background-color: #E6EBF9}.num {text-align:right}.passedodd td {background-color: #3F3}.passedeven td {background-color: #0A0}.skippedodd td {background-color: #DDD}.skippedeven td {background-color: #CCC}.failedodd td,.attn {background-color: #F33}.failedeven td,.stripe .attn {background-color: #D00}.stacktrace {white-space:pre;font-family:monospace}.totop {font-size:85%;text-align:center;border-bottom:2px solid #000}.invisible {display:none}</style>
</head>
<body>
<table>
<tr><th>Test</th><th># Passed</th><th># Skipped</th><th># Failed</th><th>Time (ms)</th><th>Included Groups</th><th>Excluded Groups</th></tr>
<tr><th colspan="7">QATechTesting Test Suite</th></tr>
<tr><td><a href="#t0">Navigate and Verify Home Page</a></td><td class="num">0</td><td class="num attn">1</td><td class="num">0</td><td class="num">386</td><td></td><td></td></tr>
</table>
<table id='summary'><thead><tr><th>Class</th><th>Method</th><th>Start</th><th>Time (ms)</th></tr></thead><tbody><tr><th colspan="4">QATechTesting Test Suite</th></tr></tbody><tbody id="t0"><tr><th colspan="4">Navigate and Verify Home Page &#8212; skipped</th></tr><tr class="skippedeven"><td rowspan="1">com.email.runner.ComposeEmailRunner</td><td><a href="#m0">runScenario</a></td><td rowspan="1">1639569711132</td><td rowspan="1">0</td></tr></tbody>
</table>
<h2>Navigate and Verify Home Page</h2><h3 id="m0">com.email.runner.ComposeEmailRunner#runScenario</h3><table class="result"><tr><th>Exception</th></tr><tr><td><div class="stacktrace">java.lang.RuntimeException: java.lang.IllegalArgumentException: Not a file or directory: C:\Users\Mehul\git\Email\src\test\resources\features\ComposeEmail
	at java.util.concurrent.FutureTask.run(FutureTask.java:266)
	at java.util.concurrent.ThreadPoolExecutor.runWorker(ThreadPoolExecutor.java:1142)
	at java.util.concurrent.ThreadPoolExecutor$Worker.run(ThreadPoolExecutor.java:617)
	at java.lang.Thread.run(Thread.java:745)
Caused by: java.lang.IllegalArgumentException: Not a file or directory: C:\Users\Mehul\git\Email\src\test\resources\features\ComposeEmail
	at cucumber.runtime.io.FileResourceIterator$FileIterator.&lt;init&gt;(FileResourceIterator.java:63)
	at cucumber.runtime.io.FileResourceIterator.&lt;init&gt;(FileResourceIterator.java:28)
	at cucumber.runtime.io.FileResourceIterator.createFileResourceIterator(FileResourceIterator.java:14)
	at cucumber.runtime.io.FileResourceIterable.iterator(FileResourceIterable.java:19)
	at cucumber.runtime.model.FeatureLoader.loadFromFeaturePath(FeatureLoader.java:31)
	at cucumber.runtime.model.FeatureLoader.load(FeatureLoader.java:23)
	at cucumber.runtime.FeaturePathFeatureSupplier.get(FeaturePathFeatureSupplier.java:33)
	at io.cucumber.testng.TestNGCucumberRunner.getFeatures(TestNGCucumberRunner.java:106)
	at io.cucumber.testng.TestNGCucumberRunner.provideScenarios(TestNGCucumberRunner.java:88)
	at io.cucumber.testng.AbstractTestNGCucumberTests.scenarios(AbstractTestNGCucumberTests.java:38)
	at com.email.runner.AbstractTestNGCucumberParallelTests.scenarios(AbstractTestNGCucumberParallelTests.java:11)
	... 17 more
... Removed 21 stack frames</div></td></tr></table><p class="totop"><a href="#summary">back to summary</a></p>
</body>
</html>
